  GameScreen.cpp
c:\college\project3-aaron-jack\projecto.r.b\projecto.r.b\tmxlite\include\tmxlite\sfmlorthogonallayer.hpp(115): warning C4244: 'argument': conversion from 'int' to 'float', possible loss of data
c:\college\project3-aaron-jack\projecto.r.b\projecto.r.b\tmxlite\include\tmxlite\sfmlorthogonallayer.hpp(148): warning C4244: 'argument': conversion from '::size_t' to 'float', possible loss of data
c:\college\project3-aaron-jack\projecto.r.b\projecto.r.b\tmxlite\include\tmxlite\sfmlorthogonallayer.hpp(151): warning C4244: 'argument': conversion from 'uint32_t' to 'float', possible loss of data
c:\college\project3-aaron-jack\projecto.r.b\projecto.r.b\tmxlite\include\tmxlite\sfmlorthogonallayer.hpp(157): warning C4244: 'argument': conversion from 'unsigned int' to 'float', possible loss of data
c:\college\project3-aaron-jack\projecto.r.b\projecto.r.b\tmxlite\include\tmxlite\sfmlorthogonallayer.hpp(158): warning C4244: 'argument': conversion from 'unsigned int' to 'float', possible loss of data
c:\college\project3-aaron-jack\projecto.r.b\projecto.r.b\tmxlite\include\tmxlite\sfmlorthogonallayer.hpp(159): warning C4244: 'argument': conversion from 'unsigned int' to 'float', possible loss of data
c:\college\project3-aaron-jack\projecto.r.b\projecto.r.b\gamescreen.cpp(54): warning C4305: 'argument': truncation from 'double' to 'float'
c:\college\project3-aaron-jack\projecto.r.b\projecto.r.b\gamescreen.cpp(59): warning C4305: 'argument': truncation from 'double' to 'float'
c:\college\project3-aaron-jack\projecto.r.b\projecto.r.b\gamescreen.cpp(64): warning C4305: 'argument': truncation from 'double' to 'float'
c:\college\project3-aaron-jack\projecto.r.b\projecto.r.b\gamescreen.cpp(69): warning C4305: 'argument': truncation from 'double' to 'float'
c:\college\project3-aaron-jack\projecto.r.b\projecto.r.b\gamescreen.cpp(74): warning C4305: 'argument': truncation from 'double' to 'float'
c:\college\project3-aaron-jack\projecto.r.b\projecto.r.b\gamescreen.cpp(79): warning C4305: 'argument': truncation from 'double' to 'float'
c:\college\project3-aaron-jack\projecto.r.b\projecto.r.b\gamescreen.cpp(84): warning C4305: 'argument': truncation from 'double' to 'float'
  Generating Code...
  Skipping... (no relevant changes detected)
  Xbox360Controller.cpp
  KeyHandler.cpp
  ProjectO.R.B.vcxproj -> C:\College\project3-aaron-jack\ProjectO.R.B\x64\Debug\ProjectO.R.B.exe
  ProjectO.R.B.vcxproj -> C:\College\project3-aaron-jack\ProjectO.R.B\x64\Debug\ProjectO.R.B.pdb (Partial PDB)
